<?xml version="1.0" encoding="UTF-8"?>
<!-- Generated by org.testng.reporters.JUnitReportReporter -->
<testsuite hostname="DESKTOP-O6TLCOS" failures="0" tests="2" name="testcases.TestNGAnnotation1" time="0.016" errors="0" timestamp="2022-07-30T21:09:04 IST" skipped="0">
  <testcase classname="testcases.TestNGAnnotation1" name="anotations1" time="0.013"/>
  <system-out/>
  <testcase classname="testcases.TestNGAnnotation1" name="anotations2" time="0.003"/>
  <system-out/>
</testsuite> <!-- testcases.TestNGAnnotation1 -->
