<?xml version="1.0" encoding="UTF-8"?>
<!-- Generated by org.testng.reporters.JUnitReportReporter -->
<testsuite hostname="DESKTOP-O6TLCOS" failures="0" tests="1" name="testcases.Testannotation" time="0.018" errors="0" timestamp="2022-07-26T21:42:36 IST" skipped="0">
  <testcase classname="testcases.Testannotation" name="f" time="0.018"/>
  <system-out/>
</testsuite> <!-- testcases.Testannotation -->
