<?xml version="1.0" encoding="UTF-8"?>
<!-- Generated by org.testng.reporters.JUnitReportReporter -->
<testsuite hostname="DESKTOP-O6TLCOS" failures="0" tests="1" name="testcases.HowToHandleIframe" time="45.438" errors="0" timestamp="2022-08-02T16:11:21 IST" skipped="0">
  <testcase classname="testcases.HowToHandleIframe" name="handleFrame" time="45.438"/>
  <system-out/>
</testsuite> <!-- testcases.HowToHandleIframe -->
