<?xml version="1.0" encoding="UTF-8"?>
<!-- Generated by org.testng.reporters.JUnitReportReporter -->
<testsuite hostname="DESKTOP-O6TLCOS" failures="0" tests="1" name="testcases.LoginUsingPropertyFile" time="87.954" errors="0" timestamp="2022-08-04T06:02:48 IST" skipped="0">
  <testcase classname="testcases.LoginUsingPropertyFile" name="validLogin" time="87.954"/>
  <system-out/>
</testsuite> <!-- testcases.LoginUsingPropertyFile -->
