<?xml version="1.0" encoding="UTF-8"?>
<!-- Generated by org.testng.reporters.JUnitReportReporter -->
<testsuite hostname="DESKTOP-O6TLCOS" failures="0" tests="3" name="testcases.SetPriority" time="0.019" errors="0" timestamp="2022-08-01T15:58:45 IST" skipped="1">
  <testcase classname="testcases.SetPriority" name="test3" time="0.017"/>
  <system-out/>
  <testcase classname="testcases.SetPriority" name="test1" time="0.002"/>
  <system-out/>
  <testcase classname="testcases.SetPriority" name="test2">
    <skipped/>
  </testcase> <!-- test2 -->
  <system-out/>
</testsuite> <!-- testcases.SetPriority -->
