<?xml version="1.0" encoding="UTF-8"?>
<!-- Generated by org.testng.reporters.JUnitReportReporter -->
<testsuite hostname="DESKTOP-O6TLCOS" failures="0" tests="2" name="testcases.TestNGAnnotation" time="0.019" errors="0" timestamp="2022-07-30T21:26:44 IST" skipped="0">
  <testcase classname="testcases.TestNGAnnotation" name="test2" time="0.005"/>
  <system-out/>
  <testcase classname="testcases.TestNGAnnotation" name="test1" time="0.014"/>
  <system-out/>
</testsuite> <!-- testcases.TestNGAnnotation -->
