<?xml version="1.0" encoding="UTF-8"?>
<!-- Generated by org.testng.reporters.JUnitReportReporter -->
<testsuite hostname="DESKTOP-O6TLCOS" failures="0" tests="1" name="testcases.NavigationCommands" time="122.093" errors="0" timestamp="2022-08-02T15:34:06 IST" skipped="0">
  <testcase classname="testcases.NavigationCommands" name="nav" time="122.093"/>
  <system-out/>
</testsuite> <!-- testcases.NavigationCommands -->
