<?xml version="1.0" encoding="UTF-8"?>
<!-- Generated by org.testng.reporters.JUnitReportReporter -->
<testsuite hostname="DESKTOP-O6TLCOS" failures="0" tests="1" name="testcases.HandlingMultipleElements" time="31.903" errors="0" timestamp="2022-08-05T14:56:43 IST" skipped="0">
  <testcase classname="testcases.HandlingMultipleElements" name="handlongMultipleElements" time="31.903"/>
  <system-out/>
</testsuite> <!-- testcases.HandlingMultipleElements -->
