<?xml version="1.0" encoding="UTF-8"?>
<!-- Generated by org.testng.reporters.JUnitReportReporter -->
<testsuite hostname="DESKTOP-O6TLCOS" failures="0" tests="1" name="testcases.ListnerUsage" time="0.020" errors="0" timestamp="2022-08-01T16:32:35 IST" skipped="0">
  <testcase classname="testcases.ListnerUsage" name="test" time="0.020"/>
  <system-out/>
</testsuite> <!-- testcases.ListnerUsage -->
